Arguments: 
  C:\Program Files\nodejs\node.exe C:\Users\duan\AppData\Roaming\npm\node_modules\yarn\bin\yarn.js

PATH: 
  C:\Program Files (x86)\Common Files\Intel\Shared Libraries\redist\intel64\compiler;D:\app\duan\product\11.2.0\dbhome_1\bin;D:\app\duan\product\11.2.0\client_1\bin;C:\Windows\system32;C:\Windows;C:\Windows\System32\Wbem;C:\Windows\System32\WindowsPowerShell\v1.0\;C:\Windows\System32\OpenSSH\;C:\Program Files (x86)\NVIDIA Corporation\PhysX\Common;C:\Program Files\NVIDIA Corporation\NVIDIA NvDLISR;D:\Microsoft VS Code\bin;C:\Users\duan\AppData\Roaming\nvm;C:\Program Files\nodejs;C:\WINDOWS\system32;C:\WINDOWS;C:\WINDOWS\System32\Wbem;C:\WINDOWS\System32\WindowsPowerShell\v1.0\;C:\WINDOWS\System32\OpenSSH\;C:\Program Files\Microsoft SQL Server\150\Tools\Binn\;E:\TortoiseSvn\bin;C:\Program Files (x86)\Microsoft SQL Server\90\Tools\binn\;C:\Program Files\Microsoft SQL Server\130\Tools\Binn\;D:\software\Git\Git\cmd;C:\Program Files\dotnet\;C:\ProgramData\chocolatey\bin;C:\Program Files\PowerShell\7\;C:\Program Files (x86)\dotnet\;C:\Users\duan\AppData\Local\Microsoft\WindowsApps;C:\Users\duan\AppData\Roaming\npm;C:\Users\duan\AppData\Roaming\nvm;C:\Program Files\nodejs;C:\Users\duan\.dotnet\tools

Yarn version: 
  1.22.17

Node version: 
  14.17.1

Platform: 
  win32 x64

Trace: 
  Error: [https://registry.npm.taobao.org]/ava: Invalid URI "[https://registry.npm.taobao.org]/ava"
      at Request.module.exports.Request.init (C:\Users\duan\AppData\Roaming\npm\node_modules\yarn\lib\cli.js:140971:31)
      at new Request (C:\Users\duan\AppData\Roaming\npm\node_modules\yarn\lib\cli.js:140825:8)
      at request (C:\Users\duan\AppData\Roaming\npm\node_modules\yarn\lib\cli.js:137731:10)
      at RequestManager.execute (C:\Users\duan\AppData\Roaming\npm\node_modules\yarn\lib\cli.js:67081:15)
      at RequestManager.shiftQueue (C:\Users\duan\AppData\Roaming\npm\node_modules\yarn\lib\cli.js:67119:10)
      at C:\Users\duan\AppData\Roaming\npm\node_modules\yarn\lib\cli.js:66788:13
      at new Promise (<anonymous>)
      at new F (C:\Users\duan\AppData\Roaming\npm\node_modules\yarn\lib\cli.js:5301:28)
      at RequestManager.request (C:\Users\duan\AppData\Roaming\npm\node_modules\yarn\lib\cli.js:66786:19)
      at NpmRegistry.<anonymous> (C:\Users\duan\AppData\Roaming\npm\node_modules\yarn\lib\cli.js:31747:42)

npm manifest: 
  {
  	"name": "remote-git-tags",
  	"version": "4.0.0",
  	"description": "Get tags from a remote Git repo",
  	"license": "MIT",
  	"repository": "sindresorhus/remote-git-tags",
  	"funding": "https://github.com/sponsors/sindresorhus",
  	"author": {
  		"name": "Sindre Sorhus",
  		"email": "sindresorhus@gmail.com",
  		"url": "https://sindresorhus.com"
  	},
  	"type": "module",
  	"exports": "./index.js",
  	"engines": {
  		"node": "^12.20.0 || ^14.13.1 || >=16.0.0"
  	},
  	"scripts": {
  		"test": "xo && ava"
  	},
  	"files": [
  		"index.js"
  	],
  	"keywords": [
  		"git",
  		"tags",
  		"tag",
  		"remote",
  		"ls-remote",
  		"ls",
  		"repo",
  		"repository",
  		"commit",
  		"sha",
  		"url"
  	],
  	"devDependencies": {
  		"ava": "^3.15.0",
  		"xo": "^0.44.0"
  	}
  }

yarn manifest: 
  No manifest

Lockfile: 
  No lockfile
